app/build/intermediates/manifest_merge_blame_file/debug/manifest-merger-blame-debug-report.txt
1<?xml version="1.0" encoding="utf-8"?>
2<manifest xmlns:android="http://schemas.android.com/apk/res/android"
3    package="com.monitor"
4    android:versionCode="1"
5    android:versionName="1.0" >
6
7    <uses-sdk
8        android:minSdkVersion="25"
8-->src\main\AndroidManifest.xml
9        android:targetSdkVersion="29" />
9-->src\main\AndroidManifest.xml
10
11    <uses-permission android:name="android.permission.ACCESS_NETWORK_STATE" />
11-->src\main\AndroidManifest.xml:5:5-79
11-->src\main\AndroidManifest.xml:5:22-76
12    <uses-permission android:name="android.permission.BLUETOOTH" />
12-->src\main\AndroidManifest.xml:6:5-68
12-->src\main\AndroidManifest.xml:6:22-65
13    <uses-permission android:name="android.permission.BLUETOOTH_ADMIN" />
13-->src\main\AndroidManifest.xml:7:5-74
13-->src\main\AndroidManifest.xml:7:22-71
14    <uses-permission android:name="android.permission.WRITE_EXTERNAL_STORAGE" />
14-->src\main\AndroidManifest.xml:8:5-81
14-->src\main\AndroidManifest.xml:8:22-78
15    <uses-permission android:name="android.permission.ACCESS_WIFI_STATE" />
15-->src\main\AndroidManifest.xml:9:5-76
15-->src\main\AndroidManifest.xml:9:22-73
16
17    <uses-feature
17-->src\main\AndroidManifest.xml:11:5-13:35
18        android:name="android.hardware.usb.host"
18-->src\main\AndroidManifest.xml:12:9-49
19        android:required="true" /> <!-- For Android 6.0+ -->
19-->src\main\AndroidManifest.xml:13:9-32
20    <uses-permission android:name="android.permission.ACCESS_FINE_LOCATION" />
20-->src\main\AndroidManifest.xml:14:5-79
20-->src\main\AndroidManifest.xml:14:22-76
21    <uses-permission android:name="android.permission.ACCESS_COARSE_LOCATION" />
21-->src\main\AndroidManifest.xml:15:5-81
21-->src\main\AndroidManifest.xml:15:22-78
22    <uses-permission android:name="android.permission.CAMERA" />
22-->src\main\AndroidManifest.xml:16:5-65
22-->src\main\AndroidManifest.xml:16:22-62
23    <uses-permission android:name="android.permission.ACCESS_FINE_LOCATION" />
23-->src\main\AndroidManifest.xml:14:5-79
23-->src\main\AndroidManifest.xml:14:22-76
24    <uses-permission android:name="android.permission.INTERNET" />
24-->src\main\AndroidManifest.xml:18:5-67
24-->src\main\AndroidManifest.xml:18:22-64
25    <uses-permission android:name="android.permission.WAKE_LOCK" />
25-->src\main\AndroidManifest.xml:19:5-68
25-->src\main\AndroidManifest.xml:19:22-65
26    <uses-permission android:name="android.permission.KILL_BACKGROUND_PROCESSES" />
26-->src\main\AndroidManifest.xml:20:5-21:71
26-->src\main\AndroidManifest.xml:21:9-68
27    <uses-permission android:name="android.permission.READ_PHONE_STATE" />
27-->src\main\AndroidManifest.xml:22:5-75
27-->src\main\AndroidManifest.xml:22:22-72
28    <uses-permission android:name="android.permission.CAMERA" />
28-->src\main\AndroidManifest.xml:16:5-65
28-->src\main\AndroidManifest.xml:16:22-62
29    <uses-permission android:name="android.permission.WRITE_EXTERNAL_STORAGE" />
29-->src\main\AndroidManifest.xml:8:5-81
29-->src\main\AndroidManifest.xml:8:22-78
30
31    <uses-feature android:name="android.hardware.camera2" />
31-->src\main\AndroidManifest.xml:25:5-74
31-->src\main\AndroidManifest.xml:25:19-58
32
33    <uses-permission android:name="com.google.android.finsky.permission.BIND_GET_INSTALL_REFERRER_SERVICE" /> <!-- Required by older versions of Google Play services to create IID tokens -->
33-->[com.google.android.gms:play-services-measurement:17.2.3] AndroidManifest.xml:26:5-110
33-->[com.google.android.gms:play-services-measurement:17.2.3] AndroidManifest.xml:26:22-107
34    <uses-permission android:name="com.google.android.c2dm.permission.RECEIVE" />
34-->[com.google.firebase:firebase-iid:20.0.2] AndroidManifest.xml:26:5-82
34-->[com.google.firebase:firebase-iid:20.0.2] AndroidManifest.xml:26:22-79
35    <uses-permission android:name="android.permission.READ_EXTERNAL_STORAGE" />
36
37    <application
37-->src\main\AndroidManifest.xml:28:5-89:19
38        android:name="com.monitor.IcuApplication"
38-->src\main\AndroidManifest.xml:29:9-39
39        android:allowBackup="true"
39-->src\main\AndroidManifest.xml:30:9-35
40        android:appComponentFactory="androidx.core.app.CoreComponentFactory"
40-->[androidx.core:core:1.1.0] AndroidManifest.xml:24:18-86
41        android:debuggable="true"
42        android:icon="@mipmap/app_icon"
42-->src\main\AndroidManifest.xml:31:9-40
43        android:label="@string/app_name"
43-->src\main\AndroidManifest.xml:32:9-41
44        android:networkSecurityConfig="@xml/network_security_config"
44-->src\main\AndroidManifest.xml:33:9-69
45        android:roundIcon="@mipmap/app_icon"
45-->src\main\AndroidManifest.xml:34:9-45
46        android:supportsRtl="true"
46-->src\main\AndroidManifest.xml:35:9-35
47        android:theme="@style/AppTheme" >
47-->src\main\AndroidManifest.xml:36:9-40
48        <activity android:name="com.monitor.activities.FaceDetectActivity" />
48-->src\main\AndroidManifest.xml:37:9-76
48-->src\main\AndroidManifest.xml:37:19-64
49        <activity android:name="com.monitor.activities.EditProfileActivity" />
49-->src\main\AndroidManifest.xml:38:9-68
49-->src\main\AndroidManifest.xml:38:19-65
50        <activity
50-->src\main\AndroidManifest.xml:39:9-41:53
51            android:name="com.monitor.activities.AlarmActivity"
51-->src\main\AndroidManifest.xml:40:13-53
52            android:screenOrientation="landscape" />
52-->src\main\AndroidManifest.xml:41:13-50
53        <activity android:name="com.monitor.activities.ShowPatientsActivity" />
53-->src\main\AndroidManifest.xml:42:9-69
53-->src\main\AndroidManifest.xml:42:19-66
54        <activity
54-->src\main\AndroidManifest.xml:43:9-45:53
55            android:name="com.monitor.activities.Main2Activity"
55-->src\main\AndroidManifest.xml:44:13-53
56            android:screenOrientation="landscape" />
56-->src\main\AndroidManifest.xml:45:13-50
57        <activity
57-->src\main\AndroidManifest.xml:46:9-47:51
58            android:name="com.monitor.activities.UserDashboard"
58-->src\main\AndroidManifest.xml:46:19-59
59            android:screenOrientation="portrait" />
59-->src\main\AndroidManifest.xml:47:13-49
60        <activity
60-->src\main\AndroidManifest.xml:48:9-50:53
61            android:name="com.monitor.activities.UserDisplayActivity"
61-->src\main\AndroidManifest.xml:49:13-59
62            android:screenOrientation="landscape" />
62-->src\main\AndroidManifest.xml:50:13-50
63
64        <service android:name="org.eclipse.paho.android.service.MqttService" />
64-->src\main\AndroidManifest.xml:52:9-80
64-->src\main\AndroidManifest.xml:52:18-77
65        <service android:name="com.monitor.services.MyService" />
65-->src\main\AndroidManifest.xml:53:9-55
65-->src\main\AndroidManifest.xml:53:18-52
66
67        <uses-library
67-->src\main\AndroidManifest.xml:55:9-57:40
68            android:name="org.apache.http.legacy"
68-->src\main\AndroidManifest.xml:56:13-50
69            android:required="false" />
69-->src\main\AndroidManifest.xml:57:13-37
70
71        <activity android:name="com.monitor.activities.BaseActivity" />
71-->src\main\AndroidManifest.xml:59:9-61
71-->src\main\AndroidManifest.xml:59:19-58
72        <activity android:name="com.monitor.activities.StatusActivity" />
72-->src\main\AndroidManifest.xml:60:9-63
72-->src\main\AndroidManifest.xml:60:19-60
73        <activity android:name="com.monitor.activities.StartActivity" />
73-->src\main\AndroidManifest.xml:61:9-62
73-->src\main\AndroidManifest.xml:61:19-59
74        <activity
74-->src\main\AndroidManifest.xml:62:9-73:20
75            android:name="com.monitor.activities.ConfigActivity"
75-->src\main\AndroidManifest.xml:63:13-54
76            android:screenOrientation="portrait" >
76-->src\main\AndroidManifest.xml:64:13-49
77            <intent-filter>
77-->src\main\AndroidManifest.xml:65:13-69:29
78                <action android:name="android.intent.action.MAIN" />
78-->src\main\AndroidManifest.xml:66:17-69
78-->src\main\AndroidManifest.xml:66:25-66
79
80                <category android:name="android.intent.category.ALTERNATIVE" />
80-->src\main\AndroidManifest.xml:68:17-80
80-->src\main\AndroidManifest.xml:68:27-77
81            </intent-filter>
82        </activity>
83        <activity android:name="com.monitor.activities.DetailActivity" />
83-->src\main\AndroidManifest.xml:74:9-63
83-->src\main\AndroidManifest.xml:74:19-60
84        <activity android:name="com.monitor.activities.SignupActivity" />
84-->src\main\AndroidManifest.xml:75:9-63
84-->src\main\AndroidManifest.xml:75:19-60
85        <activity android:name="com.monitor.activities.LoginActivity" />
85-->src\main\AndroidManifest.xml:76:9-62
85-->src\main\AndroidManifest.xml:76:19-59
86        <activity
86-->src\main\AndroidManifest.xml:77:9-85:20
87            android:name="com.monitor.activities.SplashActivity"
87-->src\main\AndroidManifest.xml:78:13-54
88            android:screenOrientation="portrait" >
88-->src\main\AndroidManifest.xml:79:13-49
89            <intent-filter>
89-->src\main\AndroidManifest.xml:80:13-84:29
90                <action android:name="android.intent.action.MAIN" />
90-->src\main\AndroidManifest.xml:66:17-69
90-->src\main\AndroidManifest.xml:66:25-66
91
92                <category android:name="android.intent.category.LAUNCHER" />
92-->src\main\AndroidManifest.xml:83:17-77
92-->src\main\AndroidManifest.xml:83:27-74
93            </intent-filter>
94        </activity>
95        <activity
95-->src\main\AndroidManifest.xml:86:9-88:53
96            android:name="com.monitor.activities.MainActivity"
96-->src\main\AndroidManifest.xml:87:13-52
97            android:screenOrientation="landscape" />
97-->src\main\AndroidManifest.xml:88:13-50
98
99        <receiver
99-->[com.google.android.gms:play-services-measurement:17.2.3] AndroidManifest.xml:29:9-33:20
100            android:name="com.google.android.gms.measurement.AppMeasurementReceiver"
100-->[com.google.android.gms:play-services-measurement:17.2.3] AndroidManifest.xml:30:13-85
101            android:enabled="true"
101-->[com.google.android.gms:play-services-measurement:17.2.3] AndroidManifest.xml:31:13-35
102            android:exported="false" >
102-->[com.google.android.gms:play-services-measurement:17.2.3] AndroidManifest.xml:32:13-37
103        </receiver>
104        <receiver
104-->[com.google.android.gms:play-services-measurement:17.2.3] AndroidManifest.xml:34:9-42:20
105            android:name="com.google.android.gms.measurement.AppMeasurementInstallReferrerReceiver"
105-->[com.google.android.gms:play-services-measurement:17.2.3] AndroidManifest.xml:35:13-100
106            android:enabled="true"
106-->[com.google.android.gms:play-services-measurement:17.2.3] AndroidManifest.xml:36:13-35
107            android:exported="true"
107-->[com.google.android.gms:play-services-measurement:17.2.3] AndroidManifest.xml:37:13-36
108            android:permission="android.permission.INSTALL_PACKAGES" >
108-->[com.google.android.gms:play-services-measurement:17.2.3] AndroidManifest.xml:38:13-69
109            <intent-filter>
109-->[com.google.android.gms:play-services-measurement:17.2.3] AndroidManifest.xml:39:13-41:29
110                <action android:name="com.android.vending.INSTALL_REFERRER" />
110-->[com.google.android.gms:play-services-measurement:17.2.3] AndroidManifest.xml:40:17-79
110-->[com.google.android.gms:play-services-measurement:17.2.3] AndroidManifest.xml:40:25-76
111            </intent-filter>
112        </receiver>
113
114        <service
114-->[com.google.android.gms:play-services-measurement:17.2.3] AndroidManifest.xml:44:9-47:40
115            android:name="com.google.android.gms.measurement.AppMeasurementService"
115-->[com.google.android.gms:play-services-measurement:17.2.3] AndroidManifest.xml:45:13-84
116            android:enabled="true"
116-->[com.google.android.gms:play-services-measurement:17.2.3] AndroidManifest.xml:46:13-35
117            android:exported="false" />
117-->[com.google.android.gms:play-services-measurement:17.2.3] AndroidManifest.xml:47:13-37
118        <service
118-->[com.google.android.gms:play-services-measurement:17.2.3] AndroidManifest.xml:48:9-52:72
119            android:name="com.google.android.gms.measurement.AppMeasurementJobService"
119-->[com.google.android.gms:play-services-measurement:17.2.3] AndroidManifest.xml:49:13-87
120            android:enabled="true"
120-->[com.google.android.gms:play-services-measurement:17.2.3] AndroidManifest.xml:50:13-35
121            android:exported="false"
121-->[com.google.android.gms:play-services-measurement:17.2.3] AndroidManifest.xml:51:13-37
122            android:permission="android.permission.BIND_JOB_SERVICE" />
122-->[com.google.android.gms:play-services-measurement:17.2.3] AndroidManifest.xml:52:13-69
123        <service
123-->[com.google.android.gms:play-services-measurement-api:17.2.3] AndroidManifest.xml:27:9-33:19
124            android:name="com.google.firebase.components.ComponentDiscoveryService"
124-->[com.google.android.gms:play-services-measurement-api:17.2.3] AndroidManifest.xml:28:13-84
125            android:directBootAware="true"
125-->[com.google.firebase:firebase-common:19.3.0] AndroidManifest.xml:34:13-43
126            android:exported="false" >
126-->[com.google.android.gms:play-services-measurement-api:17.2.3] AndroidManifest.xml:29:13-37
127            <meta-data
127-->[com.google.android.gms:play-services-measurement-api:17.2.3] AndroidManifest.xml:30:13-32:85
128                android:name="com.google.firebase.components:com.google.firebase.analytics.connector.internal.AnalyticsConnectorRegistrar"
128-->[com.google.android.gms:play-services-measurement-api:17.2.3] AndroidManifest.xml:31:17-139
129                android:value="com.google.firebase.components.ComponentRegistrar" />
129-->[com.google.android.gms:play-services-measurement-api:17.2.3] AndroidManifest.xml:32:17-82
130            <meta-data
130-->[com.google.firebase:firebase-crashlytics:17.0.0-beta02] AndroidManifest.xml:16:13-18:85
131                android:name="com.google.firebase.components:com.google.firebase.crashlytics.CrashlyticsRegistrar"
131-->[com.google.firebase:firebase-crashlytics:17.0.0-beta02] AndroidManifest.xml:17:17-115
132                android:value="com.google.firebase.components.ComponentRegistrar" />
132-->[com.google.firebase:firebase-crashlytics:17.0.0-beta02] AndroidManifest.xml:18:17-82
133            <meta-data
133-->[com.google.firebase:firebase-iid:20.0.2] AndroidManifest.xml:32:13-34:85
134                android:name="com.google.firebase.components:com.google.firebase.iid.Registrar"
134-->[com.google.firebase:firebase-iid:20.0.2] AndroidManifest.xml:33:17-96
135                android:value="com.google.firebase.components.ComponentRegistrar" />
135-->[com.google.firebase:firebase-iid:20.0.2] AndroidManifest.xml:34:17-82
136        </service>
137
138        <receiver
138-->[com.google.firebase:firebase-iid:20.0.2] AndroidManifest.xml:37:9-44:20
139            android:name="com.google.firebase.iid.FirebaseInstanceIdReceiver"
139-->[com.google.firebase:firebase-iid:20.0.2] AndroidManifest.xml:38:13-78
140            android:exported="true"
140-->[com.google.firebase:firebase-iid:20.0.2] AndroidManifest.xml:39:13-36
141            android:permission="com.google.android.c2dm.permission.SEND" >
141-->[com.google.firebase:firebase-iid:20.0.2] AndroidManifest.xml:40:13-73
142            <intent-filter>
142-->[com.google.firebase:firebase-iid:20.0.2] AndroidManifest.xml:41:13-43:29
143                <action android:name="com.google.android.c2dm.intent.RECEIVE" />
143-->[com.google.firebase:firebase-iid:20.0.2] AndroidManifest.xml:42:17-81
143-->[com.google.firebase:firebase-iid:20.0.2] AndroidManifest.xml:42:25-78
144            </intent-filter>
145        </receiver>
146
147        <provider
147-->[com.google.firebase:firebase-common:19.3.0] AndroidManifest.xml:26:9-30:39
148            android:name="com.google.firebase.provider.FirebaseInitProvider"
148-->[com.google.firebase:firebase-common:19.3.0] AndroidManifest.xml:27:13-77
149            android:authorities="com.monitor.firebaseinitprovider"
149-->[com.google.firebase:firebase-common:19.3.0] AndroidManifest.xml:28:13-72
150            android:exported="false"
150-->[com.google.firebase:firebase-common:19.3.0] AndroidManifest.xml:29:13-37
151            android:initOrder="100" />
151-->[com.google.firebase:firebase-common:19.3.0] AndroidManifest.xml:30:13-36
152
153        <activity
153-->[com.google.android.gms:play-services-base:17.0.0] AndroidManifest.xml:23:9-26:75
154            android:name="com.google.android.gms.common.api.GoogleApiActivity"
154-->[com.google.android.gms:play-services-base:17.0.0] AndroidManifest.xml:24:13-79
155            android:exported="false"
155-->[com.google.android.gms:play-services-base:17.0.0] AndroidManifest.xml:25:13-37
156            android:theme="@android:style/Theme.Translucent.NoTitleBar" />
156-->[com.google.android.gms:play-services-base:17.0.0] AndroidManifest.xml:26:13-72
157
158        <meta-data
158-->[com.google.android.gms:play-services-basement:17.0.0] AndroidManifest.xml:23:9-25:69
159            android:name="com.google.android.gms.version"
159-->[com.google.android.gms:play-services-basement:17.0.0] AndroidManifest.xml:24:13-58
160            android:value="@integer/google_play_services_version" />
160-->[com.google.android.gms:play-services-basement:17.0.0] AndroidManifest.xml:25:13-66
161
162        <service
162-->[com.google.android.datatransport:transport-backend-cct:2.2.0] AndroidManifest.xml:29:9-35:19
163            android:name="com.google.android.datatransport.runtime.backends.TransportBackendDiscovery"
163-->[com.google.android.datatransport:transport-backend-cct:2.2.0] AndroidManifest.xml:30:13-103
164            android:exported="false" >
164-->[com.google.android.datatransport:transport-backend-cct:2.2.0] AndroidManifest.xml:31:13-37
165            <meta-data
165-->[com.google.android.datatransport:transport-backend-cct:2.2.0] AndroidManifest.xml:32:13-34:39
166                android:name="backend:com.google.android.datatransport.cct.CctBackendFactory"
166-->[com.google.android.datatransport:transport-backend-cct:2.2.0] AndroidManifest.xml:33:17-94
167                android:value="cct" />
167-->[com.google.android.datatransport:transport-backend-cct:2.2.0] AndroidManifest.xml:34:17-36
168        </service>
169        <service
169-->[com.google.android.datatransport:transport-runtime:2.2.0] AndroidManifest.xml:26:9-30:19
170            android:name="com.google.android.datatransport.runtime.scheduling.jobscheduling.JobInfoSchedulerService"
170-->[com.google.android.datatransport:transport-runtime:2.2.0] AndroidManifest.xml:27:13-117
171            android:exported="false"
171-->[com.google.android.datatransport:transport-runtime:2.2.0] AndroidManifest.xml:28:13-37
172            android:permission="android.permission.BIND_JOB_SERVICE" >
172-->[com.google.android.datatransport:transport-runtime:2.2.0] AndroidManifest.xml:29:13-69
173        </service>
174
175        <receiver
175-->[com.google.android.datatransport:transport-runtime:2.2.0] AndroidManifest.xml:32:9-34:40
176            android:name="com.google.android.datatransport.runtime.scheduling.jobscheduling.AlarmManagerSchedulerBroadcastReceiver"
176-->[com.google.android.datatransport:transport-runtime:2.2.0] AndroidManifest.xml:33:13-132
177            android:exported="false" />
177-->[com.google.android.datatransport:transport-runtime:2.2.0] AndroidManifest.xml:34:13-37
178
179        <provider
179-->[androidx.lifecycle:lifecycle-process:2.0.0] AndroidManifest.xml:23:9-27:43
180            android:name="androidx.lifecycle.ProcessLifecycleOwnerInitializer"
180-->[androidx.lifecycle:lifecycle-process:2.0.0] AndroidManifest.xml:24:13-79
181            android:authorities="com.monitor.lifecycle-process"
181-->[androidx.lifecycle:lifecycle-process:2.0.0] AndroidManifest.xml:25:13-69
182            android:exported="false"
182-->[androidx.lifecycle:lifecycle-process:2.0.0] AndroidManifest.xml:26:13-37
183            android:multiprocess="true" />
183-->[androidx.lifecycle:lifecycle-process:2.0.0] AndroidManifest.xml:27:13-40
184        <provider
184-->[com.mindorks:paracamera:0.2.2] AndroidManifest.xml:16:9-24:20
185            android:name="androidx.core.content.FileProvider"
185-->[com.mindorks:paracamera:0.2.2] AndroidManifest.xml:17:13-62
186            android:authorities="com.monitor.imageprovider"
186-->[com.mindorks:paracamera:0.2.2] AndroidManifest.xml:18:13-65
187            android:exported="false"
187-->[com.mindorks:paracamera:0.2.2] AndroidManifest.xml:19:13-37
188            android:grantUriPermissions="true" >
188-->[com.mindorks:paracamera:0.2.2] AndroidManifest.xml:20:13-47
189            <meta-data
189-->[com.mindorks:paracamera:0.2.2] AndroidManifest.xml:21:13-23:54
190                android:name="android.support.FILE_PROVIDER_PATHS"
190-->[com.mindorks:paracamera:0.2.2] AndroidManifest.xml:22:17-67
191                android:resource="@xml/file_paths" />
191-->[com.mindorks:paracamera:0.2.2] AndroidManifest.xml:23:17-51
192        </provider>
193    </application>
194
195</manifest>